Logfile initialized
[INFO] logfile = /Users/bizzby/Documents/Titanium_Studio_Workspace/Suuta/build.log
[DEBUG] /Users/bizzby/Library/Application Support/Titanium/mobilesdk/osx/2.1.3.GA/android/builder.py simulator testio /Applications /Users/bizzby/Documents/Titanium_Studio_Workspace/Suuta com.testio.me 16 WVGA854 
[INFO] Building testio for Android ... one moment
[INFO] Titanium SDK version: 2.1.3 (10/02/12 16:16 15997d0)
[DEBUG] Waiting for device to be ready ...
[TRACE] adb devices returned 1 devices/emulators
[TRACE] adb devices returned 1 devices/emulators
[TRACE] adb devices returned 1 devices/emulators
[TRACE] adb devices returned 1 devices/emulators
[DEBUG] Device connected... (waited 15 seconds)
[DEBUG] waited 15.079188 seconds on emulator to get ready
[INFO] Waiting for the Android Emulator to become available
[ERROR] Timed out waiting for android.process.acore
[DEBUG] com.testio.me installed? False
[INFO] Fastdev server running, deploying in Fastdev mode
[INFO] Copying CommonJS modules...
[INFO] Copying project resources..
[INFO] Detected change in tiapp.xml, or assets deleted. Forcing full re-build...
[TRACE] COPYING CREATED FILE: /Users/bizzby/Documents/Titanium_Studio_Workspace/Suuta/Resources/android/appicon.png => /Users/bizzby/Documents/Titanium_Studio_Workspace/Suuta/build/android/bin/assets/Resources/appicon.png
[TRACE] COPYING CREATED FILE: /Users/bizzby/Documents/Titanium_Studio_Workspace/Suuta/Resources/android/default.png => /Users/bizzby/Documents/Titanium_Studio_Workspace/Suuta/build/android/bin/assets/Resources/default.png
[TRACE] COPYING CREATED FILE: /Users/bizzby/Documents/Titanium_Studio_Workspace/Suuta/Resources/app.js => /Users/bizzby/Documents/Titanium_Studio_Workspace/Suuta/build/android/bin/assets/Resources/app.js
[TRACE] COPYING CREATED FILE: /Users/bizzby/Documents/Titanium_Studio_Workspace/Suuta/Resources/example.js => /Users/bizzby/Documents/Titanium_Studio_Workspace/Suuta/build/android/bin/assets/Resources/example.js
[TRACE] COPYING CREATED FILE: /Users/bizzby/Documents/Titanium_Studio_Workspace/Suuta/Resources/graphics/bak.png => /Users/bizzby/Documents/Titanium_Studio_Workspace/Suuta/build/android/bin/assets/Resources/graphics/bak.png
[TRACE] COPYING CREATED FILE: /Users/bizzby/Documents/Titanium_Studio_Workspace/Suuta/Resources/graphics/biggu.png => /Users/bizzby/Documents/Titanium_Studio_Workspace/Suuta/build/android/bin/assets/Resources/graphics/biggu.png
[TRACE] COPYING CREATED FILE: /Users/bizzby/Documents/Titanium_Studio_Workspace/Suuta/Resources/graphics/biggu_smile.png => /Users/bizzby/Documents/Titanium_Studio_Workspace/Suuta/build/android/bin/assets/Resources/graphics/biggu_smile.png
[TRACE] COPYING CREATED FILE: /Users/bizzby/Documents/Titanium_Studio_Workspace/Suuta/Resources/graphics/bigu_big.png => /Users/bizzby/Documents/Titanium_Studio_Workspace/Suuta/build/android/bin/assets/Resources/graphics/bigu_big.png
[TRACE] COPYING CREATED FILE: /Users/bizzby/Documents/Titanium_Studio_Workspace/Suuta/Resources/graphics/litgu.png => /Users/bizzby/Documents/Titanium_Studio_Workspace/Suuta/build/android/bin/assets/Resources/graphics/litgu.png
[TRACE] COPYING CREATED FILE: /Users/bizzby/Documents/Titanium_Studio_Workspace/Suuta/Resources/graphics/litgu_big.png => /Users/bizzby/Documents/Titanium_Studio_Workspace/Suuta/build/android/bin/assets/Resources/graphics/litgu_big.png
[TRACE] COPYING CREATED FILE: /Users/bizzby/Documents/Titanium_Studio_Workspace/Suuta/Resources/graphics/litor.png => /Users/bizzby/Documents/Titanium_Studio_Workspace/Suuta/build/android/bin/assets/Resources/graphics/litor.png
[TRACE] COPYING CREATED FILE: /Users/bizzby/Documents/Titanium_Studio_Workspace/Suuta/Resources/graphics/litor_big.png => /Users/bizzby/Documents/Titanium_Studio_Workspace/Suuta/build/android/bin/assets/Resources/graphics/litor_big.png
[TRACE] COPYING CREATED FILE: /Users/bizzby/Documents/Titanium_Studio_Workspace/Suuta/Resources/graphics/litorbig.png => /Users/bizzby/Documents/Titanium_Studio_Workspace/Suuta/build/android/bin/assets/Resources/graphics/litorbig.png
[TRACE] COPYING CREATED FILE: /Users/bizzby/Documents/Titanium_Studio_Workspace/Suuta/Resources/graphics/litorbig_big.png => /Users/bizzby/Documents/Titanium_Studio_Workspace/Suuta/build/android/bin/assets/Resources/graphics/litorbig_big.png
[TRACE] COPYING CREATED FILE: /Users/bizzby/Documents/Titanium_Studio_Workspace/Suuta/Resources/graphics/main_blueprint.svg => /Users/bizzby/Documents/Titanium_Studio_Workspace/Suuta/build/android/bin/assets/Resources/graphics/main_blueprint.svg
[TRACE] COPYING CREATED FILE: /Users/bizzby/Documents/Titanium_Studio_Workspace/Suuta/Resources/graphics/Thumbs.db => /Users/bizzby/Documents/Titanium_Studio_Workspace/Suuta/build/android/bin/assets/Resources/graphics/Thumbs.db
[TRACE] COPYING CREATED FILE: /Users/bizzby/Documents/Titanium_Studio_Workspace/Suuta/Resources/KS_nav_ui.png => /Users/bizzby/Documents/Titanium_Studio_Workspace/Suuta/build/android/bin/assets/Resources/KS_nav_ui.png
[TRACE] COPYING CREATED FILE: /Users/bizzby/Documents/Titanium_Studio_Workspace/Suuta/Resources/KS_nav_views.png => /Users/bizzby/Documents/Titanium_Studio_Workspace/Suuta/build/android/bin/assets/Resources/KS_nav_views.png
[TRACE] COPYING CREATED FILE: /Users/bizzby/Documents/Titanium_Studio_Workspace/Suuta/Resources/ui/common/FirstView.js => /Users/bizzby/Documents/Titanium_Studio_Workspace/Suuta/build/android/bin/assets/Resources/ui/common/FirstView.js
[TRACE] COPYING CREATED FILE: /Users/bizzby/Documents/Titanium_Studio_Workspace/Suuta/Resources/ui/handheld/android/ApplicationWindow.js => /Users/bizzby/Documents/Titanium_Studio_Workspace/Suuta/build/android/bin/assets/Resources/ui/handheld/android/ApplicationWindow.js
[TRACE] COPYING CREATED FILE: /Users/bizzby/Documents/Titanium_Studio_Workspace/Suuta/Resources/ui/handheld/ApplicationWindow.js => /Users/bizzby/Documents/Titanium_Studio_Workspace/Suuta/build/android/bin/assets/Resources/ui/handheld/ApplicationWindow.js
[TRACE] COPYING CREATED FILE: /Users/bizzby/Documents/Titanium_Studio_Workspace/Suuta/Resources/ui/tablet/ApplicationWindow.js => /Users/bizzby/Documents/Titanium_Studio_Workspace/Suuta/build/android/bin/assets/Resources/ui/tablet/ApplicationWindow.js
[TRACE] Generating Java Classes
[DEBUG] Processing Android resource drawables
[TRACE] COPYING FILE: /Users/bizzby/Documents/Titanium_Studio_Workspace/Suuta/Resources/android/images/res-long-land-hdpi/default.png => /Users/bizzby/Documents/Titanium_Studio_Workspace/Suuta/build/android/res/drawable-long-land-hdpi/default_d44e27d97b.png
[TRACE] COPYING FILE: /Users/bizzby/Documents/Titanium_Studio_Workspace/Suuta/Resources/android/images/res-long-land-ldpi/default.png => /Users/bizzby/Documents/Titanium_Studio_Workspace/Suuta/build/android/res/drawable-long-land-ldpi/default_d44e27d97b.png
[TRACE] COPYING FILE: /Users/bizzby/Documents/Titanium_Studio_Workspace/Suuta/Resources/android/images/res-long-port-hdpi/default.png => /Users/bizzby/Documents/Titanium_Studio_Workspace/Suuta/build/android/res/drawable-long-port-hdpi/default_d44e27d97b.png
[TRACE] COPYING FILE: /Users/bizzby/Documents/Titanium_Studio_Workspace/Suuta/Resources/android/images/res-long-port-ldpi/default.png => /Users/bizzby/Documents/Titanium_Studio_Workspace/Suuta/build/android/res/drawable-long-port-ldpi/default_d44e27d97b.png
[TRACE] COPYING FILE: /Users/bizzby/Documents/Titanium_Studio_Workspace/Suuta/Resources/android/images/res-notlong-land-hdpi/default.png => /Users/bizzby/Documents/Titanium_Studio_Workspace/Suuta/build/android/res/drawable-notlong-land-hdpi/default_d44e27d97b.png
[TRACE] COPYING FILE: /Users/bizzby/Documents/Titanium_Studio_Workspace/Suuta/Resources/android/images/res-notlong-land-ldpi/default.png => /Users/bizzby/Documents/Titanium_Studio_Workspace/Suuta/build/android/res/drawable-notlong-land-ldpi/default_d44e27d97b.png
[TRACE] COPYING FILE: /Users/bizzby/Documents/Titanium_Studio_Workspace/Suuta/Resources/android/images/res-notlong-land-mdpi/default.png => /Users/bizzby/Documents/Titanium_Studio_Workspace/Suuta/build/android/res/drawable-notlong-land-mdpi/default_d44e27d97b.png
[TRACE] COPYING FILE: /Users/bizzby/Documents/Titanium_Studio_Workspace/Suuta/Resources/android/images/res-notlong-port-hdpi/default.png => /Users/bizzby/Documents/Titanium_Studio_Workspace/Suuta/build/android/res/drawable-notlong-port-hdpi/default_d44e27d97b.png
[TRACE] COPYING FILE: /Users/bizzby/Documents/Titanium_Studio_Workspace/Suuta/Resources/android/images/res-notlong-port-ldpi/default.png => /Users/bizzby/Documents/Titanium_Studio_Workspace/Suuta/build/android/res/drawable-notlong-port-ldpi/default_d44e27d97b.png
[TRACE] COPYING FILE: /Users/bizzby/Documents/Titanium_Studio_Workspace/Suuta/Resources/android/images/res-notlong-port-mdpi/default.png => /Users/bizzby/Documents/Titanium_Studio_Workspace/Suuta/build/android/res/drawable-notlong-port-mdpi/default_d44e27d97b.png
[DEBUG] app stylesheet => /Users/bizzby/Documents/Titanium_Studio_Workspace/Suuta/build/android/gen/com/testio/me/ApplicationStylesheet.java
[DEBUG] copying app icon: /Users/bizzby/Documents/Titanium_Studio_Workspace/Suuta/build/android/bin/assets/Resources/appicon.png
[DEBUG] generating theme.xml
[DEBUG] found drawable-long-land-hdpi splash screen at /Users/bizzby/Documents/Titanium_Studio_Workspace/Suuta/Resources/android/images/res-long-land-hdpi/default.png
[DEBUG] copying /Users/bizzby/Documents/Titanium_Studio_Workspace/Suuta/Resources/android/images/res-long-land-hdpi/default.png splash screen to /Users/bizzby/Documents/Titanium_Studio_Workspace/Suuta/build/android/res/drawable-long-land-hdpi/background.png
[DEBUG] found drawable-long-land-ldpi splash screen at /Users/bizzby/Documents/Titanium_Studio_Workspace/Suuta/Resources/android/images/res-long-land-ldpi/default.png
[DEBUG] copying /Users/bizzby/Documents/Titanium_Studio_Workspace/Suuta/Resources/android/images/res-long-land-ldpi/default.png splash screen to /Users/bizzby/Documents/Titanium_Studio_Workspace/Suuta/build/android/res/drawable-long-land-ldpi/background.png
[DEBUG] found drawable-long-port-hdpi splash screen at /Users/bizzby/Documents/Titanium_Studio_Workspace/Suuta/Resources/android/images/res-long-port-hdpi/default.png
[DEBUG] copying /Users/bizzby/Documents/Titanium_Studio_Workspace/Suuta/Resources/android/images/res-long-port-hdpi/default.png splash screen to /Users/bizzby/Documents/Titanium_Studio_Workspace/Suuta/build/android/res/drawable-long-port-hdpi/background.png
[DEBUG] found drawable-long-port-ldpi splash screen at /Users/bizzby/Documents/Titanium_Studio_Workspace/Suuta/Resources/android/images/res-long-port-ldpi/default.png
[DEBUG] copying /Users/bizzby/Documents/Titanium_Studio_Workspace/Suuta/Resources/android/images/res-long-port-ldpi/default.png splash screen to /Users/bizzby/Documents/Titanium_Studio_Workspace/Suuta/build/android/res/drawable-long-port-ldpi/background.png
[DEBUG] found drawable-notlong-land-hdpi splash screen at /Users/bizzby/Documents/Titanium_Studio_Workspace/Suuta/Resources/android/images/res-notlong-land-hdpi/default.png
[DEBUG] copying /Users/bizzby/Documents/Titanium_Studio_Workspace/Suuta/Resources/android/images/res-notlong-land-hdpi/default.png splash screen to /Users/bizzby/Documents/Titanium_Studio_Workspace/Suuta/build/android/res/drawable-notlong-land-hdpi/background.png
[DEBUG] found drawable-notlong-land-ldpi splash screen at /Users/bizzby/Documents/Titanium_Studio_Workspace/Suuta/Resources/android/images/res-notlong-land-ldpi/default.png
[DEBUG] copying /Users/bizzby/Documents/Titanium_Studio_Workspace/Suuta/Resources/android/images/res-notlong-land-ldpi/default.png splash screen to /Users/bizzby/Documents/Titanium_Studio_Workspace/Suuta/build/android/res/drawable-notlong-land-ldpi/background.png
[DEBUG] found drawable-notlong-land-mdpi splash screen at /Users/bizzby/Documents/Titanium_Studio_Workspace/Suuta/Resources/android/images/res-notlong-land-mdpi/default.png
[DEBUG] copying /Users/bizzby/Documents/Titanium_Studio_Workspace/Suuta/Resources/android/images/res-notlong-land-mdpi/default.png splash screen to /Users/bizzby/Documents/Titanium_Studio_Workspace/Suuta/build/android/res/drawable-notlong-land-mdpi/background.png
[DEBUG] found drawable-notlong-port-hdpi splash screen at /Users/bizzby/Documents/Titanium_Studio_Workspace/Suuta/Resources/android/images/res-notlong-port-hdpi/default.png
[DEBUG] copying /Users/bizzby/Documents/Titanium_Studio_Workspace/Suuta/Resources/android/images/res-notlong-port-hdpi/default.png splash screen to /Users/bizzby/Documents/Titanium_Studio_Workspace/Suuta/build/android/res/drawable-notlong-port-hdpi/background.png
[DEBUG] found drawable-notlong-port-ldpi splash screen at /Users/bizzby/Documents/Titanium_Studio_Workspace/Suuta/Resources/android/images/res-notlong-port-ldpi/default.png
[DEBUG] copying /Users/bizzby/Documents/Titanium_Studio_Workspace/Suuta/Resources/android/images/res-notlong-port-ldpi/default.png splash screen to /Users/bizzby/Documents/Titanium_Studio_Workspace/Suuta/build/android/res/drawable-notlong-port-ldpi/background.png
[DEBUG] found drawable-notlong-port-mdpi splash screen at /Users/bizzby/Documents/Titanium_Studio_Workspace/Suuta/Resources/android/images/res-notlong-port-mdpi/default.png
[DEBUG] copying /Users/bizzby/Documents/Titanium_Studio_Workspace/Suuta/Resources/android/images/res-notlong-port-mdpi/default.png splash screen to /Users/bizzby/Documents/Titanium_Studio_Workspace/Suuta/build/android/res/drawable-notlong-port-mdpi/background.png
[DEBUG] found splash screen at /Users/bizzby/Documents/Titanium_Studio_Workspace/Suuta/build/android/bin/assets/Resources/default.png
[TRACE] Writing out AndroidManifest.xml
[DEBUG] adding /Users/bizzby/Documents/Titanium_Studio_Workspace/Suuta/build/android/gen/com/testio/me/ApplicationStylesheet.java to javac build list
[DEBUG] adding /Users/bizzby/Documents/Titanium_Studio_Workspace/Suuta/build/android/gen/com/testio/me/R.java to javac build list
[DEBUG] adding /Users/bizzby/Documents/Titanium_Studio_Workspace/Suuta/build/android/gen/com/testio/me/TestioActivity.java to javac build list
[DEBUG] adding /Users/bizzby/Documents/Titanium_Studio_Workspace/Suuta/build/android/gen/com/testio/me/TestioAppInfo.java to javac build list
[DEBUG] adding /Users/bizzby/Documents/Titanium_Studio_Workspace/Suuta/build/android/gen/com/testio/me/TestioApplication.java to javac build list
[DEBUG] Building Java Sources: "/Users/bizzby/Documents/Titanium_Studio_Workspace/Suuta/build/android/gen/com/testio/me/ApplicationStylesheet.java" "/Users/bizzby/Documents/Titanium_Studio_Workspace/Suuta/build/android/gen/com/testio/me/R.java" "/Users/bizzby/Documents/Titanium_Studio_Workspace/Suuta/build/android/gen/com/testio/me/TestioActivity.java" "/Users/bizzby/Documents/Titanium_Studio_Workspace/Suuta/build/android/gen/com/testio/me/TestioAppInfo.java" "/Users/bizzby/Documents/Titanium_Studio_Workspace/Suuta/build/android/gen/com/testio/me/TestioApplication.java"
[INFO] Waiting for SDCard to become available..
[ERROR] Timed out waiting for SDCard to become available (60s)
[INFO] Compiling Android Resources... This could take some time
[DEBUG] Android classes.dex built
[DEBUG] creating unsigned apk: /Users/bizzby/Documents/Titanium_Studio_Workspace/Suuta/build/android/bin/app-unsigned.apk
[DEBUG] from resource zip => assets/Resources/graphics/bak.png
[DEBUG] from resource zip => assets/Resources/graphics/biggu.png
[DEBUG] from resource zip => assets/Resources/graphics/biggu_smile.png
[DEBUG] from resource zip => assets/Resources/graphics/bigu_big.png
[DEBUG] from resource zip => assets/Resources/graphics/litgu.png
[DEBUG] from resource zip => assets/Resources/graphics/litgu_big.png
[DEBUG] from resource zip => assets/Resources/graphics/litor.png
[DEBUG] from resource zip => assets/Resources/graphics/litor_big.png
[DEBUG] from resource zip => assets/Resources/graphics/litorbig.png
[DEBUG] from resource zip => assets/Resources/graphics/litorbig_big.png
[DEBUG] from resource zip => assets/Resources/graphics/main_blueprint.svg
[DEBUG] from resource zip => assets/Resources/ui/common/FirstView.js
[DEBUG] from resource zip => assets/Resources/ui/handheld/android/ApplicationWindow.js
[DEBUG] from resource zip => assets/Resources/ui/handheld/ApplicationWindow.js
[DEBUG] from resource zip => assets/Resources/ui/tablet/ApplicationWindow.js
[DEBUG] from resource zip => assets/Resources/KS_nav_ui.png
[DEBUG] from resource zip => assets/Resources/KS_nav_views.png
[DEBUG] from resource zip => assets/Resources/app.js
[DEBUG] from resource zip => assets/Resources/appicon.png
[DEBUG] from resource zip => assets/Resources/default.png
[DEBUG] from resource zip => assets/Resources/example.js
[DEBUG] from resource zip => assets/Resources/ti.cloud.js
[DEBUG] from resource zip => assets/app.json
[DEBUG] from resource zip => assets/index.json
[DEBUG] from resource zip => assets/tiapp.xml
[DEBUG] from resource zip => res/drawable/appicon.png
[DEBUG] from resource zip => res/drawable/background.png
[DEBUG] from resource zip => res/drawable/close.png
[DEBUG] from resource zip => res/drawable/facebook_login.png
[DEBUG] from resource zip => res/drawable/facebook_login_down.png
[DEBUG] from resource zip => res/drawable/facebook_login_wide.png
[DEBUG] from resource zip => res/drawable/facebook_login_wide_down.png
[DEBUG] from resource zip => res/drawable/facebook_logout.png
[DEBUG] from resource zip => res/drawable/facebook_logout_down.png
[DEBUG] from resource zip => res/layout/titanium_tabgroup.xml
[DEBUG] from resource zip => AndroidManifest.xml
[DEBUG] from resource zip => resources.arsc
[DEBUG] from resource zip => res/drawable-hdpi/close.png
[DEBUG] from resource zip => res/drawable-ldpi/close.png
[DEBUG] from resource zip => res/drawable-long-land-hdpi/background.png
[DEBUG] from resource zip => res/drawable-long-land-hdpi/default_d44e27d97b.png
[DEBUG] from resource zip => res/drawable-long-land-ldpi/background.png
[DEBUG] from resource zip => res/drawable-long-land-ldpi/default_d44e27d97b.png
[DEBUG] from resource zip => res/drawable-long-port-hdpi/background.png
[DEBUG] from resource zip => res/drawable-long-port-hdpi/default_d44e27d97b.png
[DEBUG] from resource zip => res/drawable-long-port-ldpi/background.png
[DEBUG] from resource zip => res/drawable-long-port-ldpi/default_d44e27d97b.png
[DEBUG] from resource zip => res/drawable-notlong-land-hdpi/background.png
[DEBUG] from resource zip => res/drawable-notlong-land-hdpi/default_d44e27d97b.png
[DEBUG] from resource zip => res/drawable-notlong-land-ldpi/background.png
[DEBUG] from resource zip => res/drawable-notlong-land-ldpi/default_d44e27d97b.png
[DEBUG] from resource zip => res/drawable-notlong-land-mdpi/background.png
[DEBUG] from resource zip => res/drawable-notlong-land-mdpi/default_d44e27d97b.png
[DEBUG] from resource zip => res/drawable-notlong-port-hdpi/background.png
[DEBUG] from resource zip => res/drawable-notlong-port-hdpi/default_d44e27d97b.png
[DEBUG] from resource zip => res/drawable-notlong-port-ldpi/background.png
[DEBUG] from resource zip => res/drawable-notlong-port-ldpi/default_d44e27d97b.png
[DEBUG] from resource zip => res/drawable-notlong-port-mdpi/background.png
[DEBUG] from resource zip => res/drawable-notlong-port-mdpi/default_d44e27d97b.png
[DEBUG] from JAR /Users/bizzby/Library/Application Support/Titanium/mobilesdk/osx/2.1.3.GA/android/modules/titanium-ui.jar => ti/modules/titanium/ui/widget/webview/binding.js
[DEBUG] from JAR /Users/bizzby/Library/Application Support/Titanium/mobilesdk/osx/2.1.3.GA/android/modules/titanium-ui.jar => ti/modules/titanium/ui/widget/webview/binding.min.js
[DEBUG] from JAR /Users/bizzby/Library/Application Support/Titanium/mobilesdk/osx/2.1.3.GA/android/modules/titanium-ui.jar => ti/modules/titanium/ui/widget/webview/json2.js
[DEBUG] from JAR /Users/bizzby/Library/Application Support/Titanium/mobilesdk/osx/2.1.3.GA/android/modules/titanium-ui.jar => ti/modules/titanium/ui/widget/webview/polling.js
[DEBUG] from JAR /Users/bizzby/Library/Application Support/Titanium/mobilesdk/osx/2.1.3.GA/android/modules/titanium-ui.jar => ti/modules/titanium/ui/widget/webview/polling.min.js
[DEBUG] from JAR /Users/bizzby/Library/Application Support/Titanium/mobilesdk/osx/2.1.3.GA/android/modules/titanium-facebook.jar => ti/modules/titanium/facebook/LICENSE
[DEBUG] from JAR /Users/bizzby/Library/Application Support/Titanium/mobilesdk/osx/2.1.3.GA/android/titanium.jar => org/appcelerator/titanium/build.properties
[DEBUG] from JAR /Users/bizzby/Library/Application Support/Titanium/mobilesdk/osx/2.1.3.GA/android/titanium.jar => org/appcelerator/titanium/res/drawable/background.png
[DEBUG] from JAR /Users/bizzby/Library/Application Support/Titanium/mobilesdk/osx/2.1.3.GA/android/titanium.jar => org/appcelerator/titanium/res/drawable/btn_check_buttonless_on.png
[DEBUG] from JAR /Users/bizzby/Library/Application Support/Titanium/mobilesdk/osx/2.1.3.GA/android/titanium.jar => org/appcelerator/titanium/res/drawable/btn_check_buttonless_on_18.png
[DEBUG] from JAR /Users/bizzby/Library/Application Support/Titanium/mobilesdk/osx/2.1.3.GA/android/titanium.jar => org/appcelerator/titanium/res/drawable/btn_check_buttonless_on_48.png
[DEBUG] from JAR /Users/bizzby/Library/Application Support/Titanium/mobilesdk/osx/2.1.3.GA/android/titanium.jar => org/appcelerator/titanium/res/drawable/btn_more.png
[DEBUG] from JAR /Users/bizzby/Library/Application Support/Titanium/mobilesdk/osx/2.1.3.GA/android/titanium.jar => org/appcelerator/titanium/res/drawable/btn_more_18.png
[DEBUG] from JAR /Users/bizzby/Library/Application Support/Titanium/mobilesdk/osx/2.1.3.GA/android/titanium.jar => org/appcelerator/titanium/res/drawable/btn_more_48.png
[DEBUG] from JAR /Users/bizzby/Library/Application Support/Titanium/mobilesdk/osx/2.1.3.GA/android/titanium.jar => org/appcelerator/titanium/res/drawable/btn_picker_normal.9.png
[DEBUG] from JAR /Users/bizzby/Library/Application Support/Titanium/mobilesdk/osx/2.1.3.GA/android/titanium.jar => org/appcelerator/titanium/res/drawable/btn_picker_pressed.9.png
[DEBUG] from JAR /Users/bizzby/Library/Application Support/Titanium/mobilesdk/osx/2.1.3.GA/android/titanium.jar => org/appcelerator/titanium/res/drawable/btn_picker_selected.9.png
[DEBUG] from JAR /Users/bizzby/Library/Application Support/Titanium/mobilesdk/osx/2.1.3.GA/android/titanium.jar => org/appcelerator/titanium/res/drawable/default_icon.png
[DEBUG] from JAR /Users/bizzby/Library/Application Support/Titanium/mobilesdk/osx/2.1.3.GA/android/titanium.jar => org/appcelerator/titanium/res/drawable/photoDefault.png
[DEBUG] from JAR /Users/bizzby/Library/Application Support/Titanium/mobilesdk/osx/2.1.3.GA/android/thirdparty.jar => org/apache/Commons-NOTICE.txt
[DEBUG] from JAR /Users/bizzby/Library/Application Support/Titanium/mobilesdk/osx/2.1.3.GA/android/thirdparty.jar => org/apache/HttpComponents-NOTICE.txt
[DEBUG] from JAR /Users/bizzby/Library/Application Support/Titanium/mobilesdk/osx/2.1.3.GA/android/thirdparty.jar => org/apache/mime4j-NOTICE.txt
[DEBUG] installing native SDK libs
[DEBUG] Waiting for device to be ready ...
[TRACE] adb devices returned 1 devices/emulators
[DEBUG] Device connected... (waited 0 seconds)
[DEBUG] waited 0.015881 seconds on emulator to get ready
[INFO] Installing application on emulator
[INFO] Launching application ... testio
[TRACE] Launch output: Starting: Intent { act=android.intent.action.MAIN cat=[android.intent.category.LAUNCHER] flg=0x10200000 cmp=com.testio.me/.TestioActivity }

[INFO] Deployed testio ... Application should be running.
[INFO] Android Emulator has exited
